SF:lib\src\core\file_system_utils.dart
DA:5,1
DA:9,1
DA:13,2
DA:14,2
DA:18,1
DA:24,1
DA:25,1
DA:26,1
DA:27,1
DA:29,1
DA:30,4
DA:31,1
DA:32,1
DA:33,1
DA:34,1
DA:38,0
DA:41,5
DA:44,0
DA:45,0
DA:46,0
DA:52,0
LF:21
LH:16
end_of_record
SF:lib\src\feature\editor\data\repository_impl\node_repository_impl.dart
DA:6,1
DA:8,1
DA:9,1
DA:18,2
DA:21,0
DA:23,1
DA:25,1
DA:27,0
DA:29,0
DA:30,0
DA:31,0
DA:32,0
DA:33,0
DA:34,0
DA:36,0
DA:37,0
DA:38,0
DA:40,0
DA:41,0
DA:44,1
DA:45,1
DA:46,1
DA:47,2
DA:49,1
DA:50,2
DA:51,2
DA:54,0
DA:56,0
DA:57,0
DA:59,0
DA:60,0
DA:61,0
DA:63,0
DA:64,0
DA:65,0
DA:66,0
DA:68,0
DA:70,0
DA:71,0
DA:73,0
DA:74,0
DA:75,0
DA:77,0
DA:78,0
DA:79,0
DA:80,0
DA:82,0
DA:84,0
DA:85,0
DA:87,0
DA:88,0
DA:89,0
DA:91,0
DA:92,0
DA:93,0
DA:94,0
DA:96,0
DA:98,0
DA:99,0
DA:101,0
DA:102,0
DA:103,0
DA:105,0
DA:106,0
DA:107,0
DA:108,0
DA:110,0
DA:112,0
DA:113,0
DA:115,0
DA:116,0
DA:117,0
DA:119,0
DA:120,0
DA:121,0
DA:122,0
DA:124,0
DA:125,0
DA:127,0
DA:128,0
DA:129,0
DA:131,0
DA:132,0
DA:134,0
DA:135,0
DA:137,0
DA:138,0
DA:139,0
DA:140,0
DA:143,0
DA:144,0
DA:145,0
DA:148,0
DA:150,0
DA:151,0
DA:153,0
DA:154,0
DA:155,0
DA:158,0
DA:159,0
DA:162,3
DA:163,3
DA:167,3
DA:168,3
DA:173,1
DA:175,2
DA:176,1
DA:178,1
DA:180,2
DA:181,1
DA:183,1
DA:185,2
DA:186,1
DA:188,1
DA:190,2
DA:191,0
DA:193,0
DA:195,2
DA:196,1
DA:198,1
DA:200,2
DA:201,1
DA:203,1
DA:205,2
DA:206,1
DA:208,1
DA:210,2
DA:211,0
DA:213,0
DA:215,2
DA:216,0
DA:218,0
DA:220,2
DA:221,0
DA:223,0
DA:225,2
DA:226,0
DA:228,0
DA:230,2
DA:231,0
DA:233,0
DA:235,4
DA:236,0
DA:238,0
DA:240,4
DA:241,0
DA:243,0
DA:245,2
DA:246,0
DA:248,0
DA:250,2
DA:251,0
DA:253,0
DA:255,2
DA:256,0
DA:258,0
DA:260,2
DA:261,0
DA:263,0
DA:266,1
DA:268,1
LF:161
LH:50
end_of_record
SF:lib\src\feature\editor\data\repository_impl\regex.dart
DA:1,3
DA:2,0
DA:3,0
DA:4,3
DA:5,3
DA:6,3
DA:7,3
DA:8,3
DA:9,3
DA:10,3
DA:14,0
DA:19,0
DA:22,3
DA:25,3
DA:28,3
DA:29,3
DA:30,3
DA:31,3
DA:32,3
DA:33,3
DA:34,3
DA:35,3
DA:36,0
DA:37,3
DA:38,3
LF:25
LH:20
end_of_record
SF:lib\src\feature\editor\domain\model\document.dart
DA:6,1
DA:7,0
DA:8,0
DA:9,0
DA:10,0
DA:18,1
DA:19,4
DA:20,4
DA:23,1
DA:24,2
DA:27,1
DA:28,6
DA:31,1
DA:32,4
DA:33,4
DA:36,1
DA:37,2
DA:38,2
DA:41,0
DA:43,0
DA:46,0
DA:47,0
DA:48,0
DA:49,0
DA:50,0
DA:51,0
DA:55,0
DA:60,0
DA:61,0
DA:63,0
DA:64,0
DA:67,0
DA:68,0
DA:74,0
DA:78,0
DA:80,0
LF:36
LH:14
end_of_record
SF:lib\src\feature\editor\domain\model\element\block.dart
DA:4,9
DA:7,9
DA:8,18
DA:11,0
DA:13,0
DA:16,0
DA:18,0
DA:19,0
DA:20,0
LF:9
LH:3
end_of_record
SF:lib\src\feature\editor\domain\model\element\block\code_block.dart
DA:5,1
DA:10,2
DA:12,1
DA:13,1
DA:14,2
DA:15,1
DA:16,2
DA:18,1
DA:19,1
DA:20,1
DA:21,0
DA:22,0
DA:23,0
LF:13
LH:10
end_of_record
SF:lib\src\feature\editor\domain\model\element\block\heading_block.dart
DA:5,3
DA:10,6
DA:12,2
DA:13,2
DA:14,4
DA:15,2
DA:16,4
DA:18,2
DA:19,3
DA:20,1
DA:21,3
DA:22,1
DA:23,1
LF:13
LH:13
end_of_record
SF:lib\src\feature\editor\domain\model\element\block\list\ordered_list_block.dart
DA:5,1
DA:9,2
DA:11,1
DA:12,1
DA:13,2
DA:14,1
DA:15,2
DA:17,2
DA:18,1
DA:19,3
DA:20,1
DA:21,1
LF:12
LH:12
end_of_record
SF:lib\src\feature\editor\domain\model\element\block\list\task_list_block.dart
DA:5,1
DA:9,2
DA:11,1
DA:12,1
DA:13,2
DA:14,1
DA:15,2
DA:17,2
DA:18,1
DA:19,0
DA:20,0
DA:21,1
LF:12
LH:10
end_of_record
SF:lib\src\feature\editor\domain\model\element\block\list\unordered_list_block.dart
DA:5,1
DA:9,2
DA:11,1
DA:12,1
DA:13,2
DA:14,1
DA:15,2
DA:17,2
DA:18,1
DA:19,3
DA:20,1
DA:21,1
LF:12
LH:12
end_of_record
SF:lib\src\feature\editor\domain\model\element\block\math_block.dart
DA:5,1
DA:9,2
DA:11,1
DA:12,1
DA:13,2
DA:14,1
DA:15,2
DA:17,2
DA:18,1
DA:19,3
DA:20,1
DA:21,1
LF:12
LH:12
end_of_record
SF:lib\src\feature\editor\domain\model\element\block\quote_block.dart
DA:5,1
DA:9,2
DA:11,1
DA:12,1
DA:13,2
DA:14,1
DA:15,2
DA:17,1
DA:18,1
DA:19,3
DA:20,1
DA:21,0
LF:12
LH:11
end_of_record
SF:lib\src\feature\editor\domain\model\element\element.dart
DA:36,10
DA:38,10
DA:40,10
DA:42,9
DA:44,9
DA:46,9
DA:48,9
DA:50,9
DA:52,8
DA:54,8
DA:56,7
DA:58,7
DA:60,6
DA:62,6
DA:64,6
DA:66,6
DA:68,6
DA:70,6
DA:72,6
DA:74,6
DA:76,6
DA:78,6
DA:80,6
DA:82,6
DA:84,6
DA:86,6
DA:88,6
DA:90,6
DA:92,6
DA:94,6
DA:96,5
DA:98,4
DA:107,0
LF:33
LH:32
end_of_record
SF:lib\src\feature\editor\domain\model\element\inline.dart
DA:5,1
DA:16,3
DA:17,2
DA:29,0
DA:30,0
DA:33,0
DA:34,0
DA:37,0
DA:39,0
DA:42,0
DA:43,0
DA:44,0
DA:45,0
DA:46,0
DA:47,0
DA:48,0
DA:49,0
DA:50,0
DA:51,0
LF:19
LH:3
end_of_record
SF:lib\src\feature\editor\domain\model\element\inline\bold.dart
DA:5,0
DA:16,0
DA:18,0
DA:19,0
DA:20,0
DA:21,0
DA:22,0
DA:24,0
DA:25,0
DA:26,0
DA:27,0
DA:28,0
DA:29,0
DA:30,0
DA:33,0
DA:35,0
LF:16
LH:0
end_of_record
SF:lib\src\feature\editor\domain\model\element\inline\bold_italic.dart
DA:5,0
DA:16,0
DA:18,0
DA:19,0
DA:20,0
DA:21,0
DA:22,0
DA:24,0
DA:25,0
DA:26,0
DA:27,0
DA:28,0
DA:29,0
DA:30,0
DA:33,0
DA:35,0
LF:16
LH:0
end_of_record
SF:lib\src\feature\editor\domain\model\element\inline\code\code_block_marker.dart
DA:5,1
DA:16,2
DA:18,0
DA:19,0
DA:20,0
DA:21,0
DA:22,0
DA:24,0
DA:25,0
DA:26,0
DA:27,0
DA:28,0
DA:29,0
DA:30,0
DA:34,0
DA:36,0
DA:37,0
DA:38,0
DA:42,0
DA:43,0
DA:48,0
DA:50,0
DA:53,0
DA:55,0
DA:56,0
DA:57,0
LF:26
LH:2
end_of_record
SF:lib\src\feature\editor\domain\model\element\inline\code\code_line.dart
DA:5,0
DA:16,0
DA:18,0
DA:19,0
DA:20,0
DA:21,0
DA:22,0
DA:24,0
DA:25,0
DA:26,0
DA:27,0
DA:28,0
DA:29,0
DA:30,0
DA:33,0
DA:35,0
DA:36,0
DA:41,0
DA:43,0
LF:19
LH:0
end_of_record
SF:lib\src\feature\editor\domain\model\element\inline\emoji.dart
DA:5,0
DA:16,0
DA:18,0
DA:19,0
DA:20,0
DA:21,0
DA:22,0
DA:24,0
DA:25,0
DA:26,0
DA:27,0
DA:28,0
DA:29,0
DA:30,0
DA:33,0
DA:35,0
LF:16
LH:0
end_of_record
SF:lib\src\feature\editor\domain\model\element\inline\heading.dart
DA:5,1
DA:16,2
DA:18,0
DA:19,0
DA:20,0
DA:21,0
DA:22,0
DA:24,0
DA:25,0
DA:26,0
DA:27,0
DA:28,0
DA:29,0
DA:30,0
DA:34,0
DA:36,0
LF:16
LH:2
end_of_record
SF:lib\src\feature\editor\domain\model\element\inline\highlight.dart
DA:5,0
DA:16,0
DA:18,0
DA:19,0
DA:20,0
DA:21,0
DA:22,0
DA:24,0
DA:25,0
DA:26,0
DA:27,0
DA:28,0
DA:29,0
DA:30,0
DA:33,0
DA:35,0
LF:16
LH:0
end_of_record
SF:lib\src\feature\editor\domain\model\element\inline\horizontal_rule.dart
DA:5,0
DA:16,0
DA:18,0
DA:19,0
DA:20,0
DA:21,0
DA:22,0
DA:24,0
DA:25,0
DA:26,0
DA:27,0
DA:28,0
DA:29,0
DA:30,0
DA:33,0
DA:35,0
LF:16
LH:0
end_of_record
SF:lib\src\feature\editor\domain\model\element\inline\image.dart
DA:5,0
DA:16,0
DA:18,0
DA:19,0
DA:20,0
DA:21,0
DA:22,0
DA:24,0
DA:25,0
DA:26,0
DA:27,0
DA:28,0
DA:29,0
DA:30,0
DA:33,0
DA:35,0
LF:16
LH:0
end_of_record
SF:lib\src\feature\editor\domain\model\element\inline\italic.dart
DA:5,0
DA:16,0
DA:18,0
DA:19,0
DA:20,0
DA:21,0
DA:22,0
DA:24,0
DA:25,0
DA:26,0
DA:27,0
DA:28,0
DA:29,0
DA:30,0
DA:33,0
DA:35,0
LF:16
LH:0
end_of_record
SF:lib\src\feature\editor\domain\model\element\inline\link.dart
DA:5,0
DA:16,0
DA:18,0
DA:19,0
DA:20,0
DA:21,0
DA:22,0
DA:24,0
DA:25,0
DA:26,0
DA:27,0
DA:28,0
DA:29,0
DA:30,0
DA:33,0
DA:35,0
LF:16
LH:0
end_of_record
SF:lib\src\feature\editor\domain\model\element\inline\list\ordered_list_node.dart
DA:5,1
DA:16,2
DA:18,0
DA:19,0
DA:20,0
DA:21,0
DA:22,0
DA:24,0
DA:25,0
DA:26,0
DA:27,0
DA:28,0
DA:29,0
DA:30,0
DA:33,0
DA:35,0
DA:38,0
DA:40,0
DA:43,0
DA:44,0
DA:45,0
DA:46,0
DA:47,0
DA:50,0
DA:51,0
LF:25
LH:2
end_of_record
SF:lib\src\feature\editor\domain\model\element\inline\list\task_list_node.dart
DA:5,1
DA:16,2
DA:18,0
DA:19,0
DA:20,0
DA:21,0
DA:22,0
DA:24,0
DA:25,0
DA:26,0
DA:27,0
DA:28,0
DA:29,0
DA:30,0
DA:33,0
DA:35,0
DA:38,0
DA:40,0
DA:41,0
LF:19
LH:2
end_of_record
SF:lib\src\feature\editor\domain\model\element\inline\list\unordered_list_node.dart
DA:5,0
DA:16,0
DA:18,0
DA:19,0
DA:20,0
DA:21,0
DA:22,0
DA:24,0
DA:25,0
DA:26,0
DA:27,0
DA:28,0
DA:29,0
DA:30,0
DA:33,0
DA:35,0
DA:38,0
DA:40,0
DA:41,0
LF:19
LH:0
end_of_record
SF:lib\src\feature\editor\domain\model\element\inline\math.dart
DA:5,1
DA:16,2
DA:18,0
DA:19,0
DA:20,0
DA:21,0
DA:22,0
DA:24,0
DA:25,0
DA:26,0
DA:27,0
DA:28,0
DA:29,0
DA:30,0
DA:33,0
DA:35,0
LF:16
LH:2
end_of_record
SF:lib\src\feature\editor\domain\model\element\inline\quote.dart
DA:5,1
DA:16,2
DA:18,0
DA:19,0
DA:20,0
DA:21,0
DA:22,0
DA:24,0
DA:25,0
DA:26,0
DA:27,0
DA:28,0
DA:29,0
DA:30,0
DA:33,0
DA:35,0
DA:38,0
DA:40,0
LF:18
LH:2
end_of_record
SF:lib\src\feature\editor\domain\model\element\inline\strikethrough.dart
DA:5,0
DA:16,0
DA:18,0
DA:19,0
DA:20,0
DA:21,0
DA:22,0
DA:24,0
DA:25,0
DA:26,0
DA:27,0
DA:28,0
DA:29,0
DA:30,0
DA:33,0
DA:35,0
LF:16
LH:0
end_of_record
SF:lib\src\feature\editor\domain\model\element\inline\subscript.dart
DA:5,0
DA:16,0
DA:18,0
DA:19,0
DA:20,0
DA:21,0
DA:22,0
DA:24,0
DA:25,0
DA:26,0
DA:27,0
DA:28,0
DA:29,0
DA:30,0
DA:33,0
DA:35,0
LF:16
LH:0
end_of_record
SF:lib\src\feature\editor\domain\model\element\inline\superscript.dart
DA:5,0
DA:16,0
DA:18,0
DA:19,0
DA:20,0
DA:21,0
DA:22,0
DA:24,0
DA:25,0
DA:26,0
DA:27,0
DA:28,0
DA:29,0
DA:30,0
DA:33,0
DA:35,0
LF:16
LH:0
end_of_record
SF:lib\src\feature\editor\domain\model\element\inline\text.dart
DA:5,1
DA:16,2
DA:18,0
DA:19,0
DA:20,0
DA:21,0
DA:22,0
DA:24,0
DA:25,0
DA:26,0
DA:27,0
DA:28,0
DA:29,0
DA:30,0
DA:33,0
DA:35,0
LF:16
LH:2
end_of_record
SF:lib\src\feature\editor\domain\model\node.dart
DA:8,10
DA:9,6
DA:10,6
DA:11,8
DA:12,1
DA:13,8
DA:14,0
DA:15,8
DA:16,0
DA:17,8
DA:18,0
DA:19,8
DA:20,0
DA:21,8
DA:22,0
DA:23,8
DA:24,0
DA:25,8
DA:26,0
DA:27,8
DA:28,0
DA:29,8
DA:30,0
DA:31,8
DA:32,0
DA:33,8
DA:34,0
DA:35,8
DA:36,0
DA:37,8
DA:38,0
DA:39,8
DA:40,0
DA:41,8
DA:42,0
DA:43,8
DA:44,0
DA:45,8
DA:46,0
DA:47,8
DA:48,0
DA:49,8
DA:50,0
DA:51,8
DA:52,0
DA:53,8
DA:54,0
DA:55,8
DA:56,0
DA:57,8
DA:58,0
DA:59,8
DA:60,0
DA:61,8
DA:62,0
DA:63,8
DA:64,0
DA:66,8
DA:73,2
DA:74,2
DA:75,2
DA:76,1
LF:62
LH:36
end_of_record
SF:lib\src\feature\editor\domain\model\connection.dart
DA:2,2
LF:1
LH:1
end_of_record
SF:lib\src\feature\editor\domain\model\file_metadata.dart
DA:2,1
DA:9,1
DA:10,1
DA:11,1
DA:12,1
DA:13,1
DA:14,1
DA:15,1
DA:23,1
DA:24,1
DA:25,1
DA:26,1
DA:27,1
DA:28,1
DA:29,1
LF:15
LH:15
end_of_record
