SF:lib\src\feature\editor\data\repository_impl\node_repository_impl.dart
DA:11,1
DA:13,1
DA:14,1
DA:24,2
DA:27,2
DA:29,1
DA:31,1
DA:33,3
DA:35,3
DA:36,3
DA:37,1
DA:38,1
DA:39,1
DA:40,2
DA:42,1
DA:43,2
DA:44,2
DA:46,0
DA:47,0
DA:50,1
DA:51,1
DA:52,1
DA:53,2
DA:55,1
DA:56,2
DA:57,2
DA:60,1
DA:62,0
DA:63,0
DA:65,1
DA:66,1
DA:67,2
DA:69,1
DA:70,2
DA:71,2
DA:72,2
DA:74,1
DA:76,0
DA:77,0
DA:79,0
DA:80,0
DA:81,0
DA:83,0
DA:84,0
DA:85,0
DA:86,0
DA:88,1
DA:90,0
DA:91,0
DA:93,1
DA:94,1
DA:95,2
DA:97,1
DA:98,2
DA:99,2
DA:100,2
DA:102,1
DA:104,0
DA:105,0
DA:107,0
DA:108,0
DA:109,0
DA:111,0
DA:112,0
DA:113,0
DA:114,0
DA:116,1
DA:118,0
DA:119,0
DA:121,1
DA:122,1
DA:123,2
DA:125,1
DA:126,2
DA:127,2
DA:128,2
DA:130,1
DA:131,1
DA:133,2
DA:134,2
DA:135,0
DA:137,1
DA:138,1
DA:140,2
DA:141,1
DA:143,1
DA:144,1
DA:145,2
DA:146,2
DA:149,0
DA:150,0
DA:151,0
DA:154,1
DA:156,2
DA:157,2
DA:159,0
DA:160,0
DA:161,0
DA:164,0
DA:165,0
DA:168,0
DA:169,0
DA:173,3
DA:174,3
DA:179,1
DA:181,2
DA:182,1
DA:184,1
DA:186,2
DA:187,0
DA:189,0
DA:191,2
DA:192,1
DA:194,1
DA:196,2
DA:197,1
DA:199,1
DA:201,2
DA:202,1
DA:204,1
DA:206,2
DA:207,0
DA:209,0
DA:211,2
DA:212,1
DA:214,1
DA:216,2
DA:217,0
DA:219,0
DA:221,2
DA:222,0
DA:224,0
DA:226,2
DA:227,0
DA:229,0
DA:231,2
DA:232,0
DA:234,0
DA:236,2
DA:237,0
DA:239,0
DA:241,4
DA:242,0
DA:244,0
DA:246,4
DA:247,0
DA:249,0
DA:251,2
DA:252,0
DA:254,0
DA:256,2
DA:257,0
DA:259,0
DA:261,2
DA:262,0
DA:264,0
DA:266,2
DA:267,0
DA:269,0
DA:272,1
DA:274,1
LF:161
LH:98
end_of_record
SF:lib\src\feature\editor\data\repository_impl\regex.dart
DA:5,3
DA:10,0
DA:11,0
DA:25,3
DA:36,3
DA:48,3
DA:57,3
DA:64,3
DA:80,3
DA:87,3
DA:96,0
DA:105,0
DA:112,3
DA:121,3
DA:138,3
DA:152,3
DA:167,3
DA:175,3
DA:191,3
DA:198,3
DA:210,3
DA:226,3
DA:240,0
DA:248,3
DA:253,3
LF:25
LH:20
end_of_record
SF:lib\src\feature\editor\domain\model\connection.dart
DA:25,0
LF:1
LH:0
end_of_record
SF:lib\src\feature\editor\domain\model\document.dart
DA:25,0
DA:34,0
DA:35,0
DA:36,0
DA:37,0
DA:74,0
DA:75,0
DA:76,0
DA:85,0
DA:86,0
DA:96,0
DA:97,0
DA:111,0
DA:112,0
DA:113,0
DA:122,0
DA:123,0
DA:124,0
DA:127,0
DA:129,0
DA:140,0
DA:141,0
DA:142,0
DA:143,0
DA:144,0
DA:145,0
DA:167,0
DA:172,0
DA:173,0
DA:176,0
DA:177,0
DA:180,0
DA:181,0
DA:198,0
DA:202,0
DA:205,0
LF:36
LH:0
end_of_record
SF:lib\src\feature\editor\domain\model\element\block.dart
DA:21,2
DA:24,2
DA:25,4
DA:34,0
DA:36,0
DA:39,0
DA:41,0
DA:42,0
DA:43,0
LF:9
LH:3
end_of_record
SF:lib\src\feature\editor\domain\model\node.dart
DA:26,2
DA:34,0
DA:35,0
DA:36,0
DA:37,0
DA:38,0
DA:39,0
DA:40,0
DA:41,0
DA:42,0
DA:43,0
DA:44,0
DA:45,0
DA:46,0
DA:47,0
DA:48,0
DA:49,0
DA:50,0
DA:51,0
DA:52,0
DA:53,0
DA:54,0
DA:55,0
DA:56,0
DA:57,0
DA:58,0
DA:59,0
DA:60,0
DA:61,0
DA:62,0
DA:63,0
DA:64,0
DA:65,0
DA:66,0
DA:67,0
DA:68,0
DA:69,0
DA:70,0
DA:71,0
DA:72,0
DA:73,0
DA:74,0
DA:75,0
DA:76,0
DA:77,0
DA:78,0
DA:79,0
DA:80,0
DA:81,0
DA:82,0
DA:83,0
DA:84,0
DA:85,0
DA:86,0
DA:87,0
DA:88,0
DA:89,0
DA:91,0
DA:135,0
DA:136,0
DA:137,0
DA:138,0
LF:62
LH:1
end_of_record
SF:lib\src\feature\editor\domain\model\element\block\code_block.dart
DA:32,1
DA:37,2
DA:46,0
DA:47,0
DA:48,0
DA:49,0
DA:50,0
DA:52,0
DA:53,0
DA:54,0
DA:55,0
DA:56,0
DA:57,0
LF:13
LH:2
end_of_record
SF:lib\src\feature\editor\domain\model\element\block\heading_block.dart
DA:28,1
DA:33,2
DA:42,0
DA:43,0
DA:44,0
DA:45,0
DA:46,0
DA:48,0
DA:49,0
DA:50,0
DA:51,0
DA:52,0
DA:53,0
LF:13
LH:2
end_of_record
SF:lib\src\feature\editor\domain\model\element\block\list\ordered_list_block.dart
DA:29,1
DA:33,2
DA:42,0
DA:43,0
DA:44,0
DA:45,0
DA:46,0
DA:48,0
DA:49,0
DA:50,0
DA:51,0
DA:52,0
LF:12
LH:2
end_of_record
SF:lib\src\feature\editor\domain\model\element\block\list\task_list_block.dart
DA:31,0
DA:35,0
DA:44,0
DA:45,0
DA:46,0
DA:47,0
DA:48,0
DA:50,0
DA:51,0
DA:52,0
DA:53,0
DA:54,0
LF:12
LH:0
end_of_record
SF:lib\src\feature\editor\domain\model\element\block\list\unordered_list_block.dart
DA:21,1
DA:25,2
DA:34,0
DA:35,0
DA:36,0
DA:37,0
DA:38,0
DA:40,0
DA:41,0
DA:42,0
DA:43,0
DA:44,0
LF:12
LH:2
end_of_record
SF:lib\src\feature\editor\domain\model\element\block\math_block.dart
DA:37,0
DA:41,0
DA:50,0
DA:51,0
DA:52,0
DA:53,0
DA:54,0
DA:56,0
DA:57,0
DA:58,0
DA:59,0
DA:60,0
LF:12
LH:0
end_of_record
SF:lib\src\feature\editor\domain\model\element\block\quote_block.dart
DA:36,1
DA:40,2
DA:49,0
DA:50,0
DA:51,0
DA:52,0
DA:53,0
DA:55,0
DA:56,0
DA:57,0
DA:58,0
DA:59,0
LF:12
LH:2
end_of_record
SF:lib\src\feature\editor\domain\model\element\element.dart
DA:109,2
DA:111,2
DA:113,2
DA:115,2
DA:117,2
DA:119,1
DA:121,1
DA:123,1
DA:125,1
DA:127,1
DA:129,1
DA:131,1
DA:133,1
DA:135,1
DA:137,1
DA:139,1
DA:141,1
DA:143,1
DA:145,1
DA:147,1
DA:149,1
DA:151,1
DA:153,1
DA:155,1
DA:157,1
DA:159,1
DA:161,1
DA:163,1
DA:165,1
DA:167,1
DA:169,1
DA:171,1
DA:204,1
LF:33
LH:33
end_of_record
SF:lib\src\feature\editor\domain\model\element\inline.dart
DA:33,2
DA:44,6
DA:45,4
DA:106,1
DA:107,2
DA:117,0
DA:118,0
DA:121,0
DA:123,0
DA:126,0
DA:127,0
DA:128,0
DA:129,0
DA:130,0
DA:131,0
DA:132,0
DA:133,0
DA:134,0
DA:135,0
LF:19
LH:5
end_of_record
SF:lib\src\feature\editor\domain\model\element\inline\bold.dart
DA:25,0
DA:36,0
DA:45,0
DA:46,0
DA:47,0
DA:48,0
DA:49,0
DA:51,0
DA:52,0
DA:53,0
DA:54,0
DA:55,0
DA:56,0
DA:57,0
DA:61,0
DA:63,0
LF:16
LH:0
end_of_record
SF:lib\src\feature\editor\domain\model\element\inline\bold_italic.dart
DA:25,0
DA:36,0
DA:45,0
DA:46,0
DA:47,0
DA:48,0
DA:49,0
DA:51,0
DA:52,0
DA:53,0
DA:54,0
DA:55,0
DA:56,0
DA:57,0
DA:61,0
DA:63,0
LF:16
LH:0
end_of_record
SF:lib\src\feature\editor\domain\model\element\inline\code\code_block_marker.dart
DA:26,1
DA:37,2
DA:48,0
DA:49,0
DA:50,0
DA:51,0
DA:52,0
DA:54,0
DA:55,0
DA:56,0
DA:57,0
DA:58,0
DA:59,0
DA:60,0
DA:71,0
DA:73,0
DA:74,0
DA:75,0
DA:79,0
DA:80,0
DA:85,0
DA:87,0
DA:90,0
DA:92,0
DA:93,0
DA:94,0
LF:26
LH:2
end_of_record
SF:lib\src\feature\editor\domain\model\element\inline\code\code_line.dart
DA:40,1
DA:51,2
DA:59,0
DA:60,0
DA:61,0
DA:62,0
DA:63,0
DA:65,0
DA:66,0
DA:67,0
DA:68,0
DA:69,0
DA:70,0
DA:71,0
DA:75,0
DA:77,0
DA:78,0
DA:83,0
DA:85,0
LF:19
LH:2
end_of_record
SF:lib\src\feature\editor\domain\model\element\inline\emoji.dart
DA:31,0
DA:42,0
DA:51,0
DA:52,0
DA:53,0
DA:54,0
DA:55,0
DA:57,0
DA:58,0
DA:59,0
DA:60,0
DA:61,0
DA:62,0
DA:63,0
DA:67,0
DA:69,0
LF:16
LH:0
end_of_record
SF:lib\src\feature\editor\domain\model\element\inline\heading.dart
DA:43,1
DA:54,2
DA:63,0
DA:64,0
DA:65,0
DA:66,0
DA:67,0
DA:69,0
DA:70,0
DA:71,0
DA:72,0
DA:73,0
DA:74,0
DA:75,0
DA:87,0
DA:89,0
LF:16
LH:2
end_of_record
SF:lib\src\feature\editor\domain\model\element\inline\highlight.dart
DA:31,0
DA:42,0
DA:50,0
DA:51,0
DA:52,0
DA:53,0
DA:54,0
DA:56,0
DA:57,0
DA:58,0
DA:59,0
DA:60,0
DA:61,0
DA:62,0
DA:66,0
DA:68,0
LF:16
LH:0
end_of_record
SF:lib\src\feature\editor\domain\model\element\inline\horizontal_rule.dart
DA:18,0
DA:29,0
DA:37,0
DA:38,0
DA:39,0
DA:40,0
DA:41,0
DA:43,0
DA:44,0
DA:45,0
DA:46,0
DA:47,0
DA:48,0
DA:49,0
DA:53,0
DA:55,0
LF:16
LH:0
end_of_record
SF:lib\src\feature\editor\domain\model\element\inline\image.dart
DA:44,0
DA:55,0
DA:63,0
DA:64,0
DA:65,0
DA:66,0
DA:67,0
DA:69,0
DA:70,0
DA:71,0
DA:72,0
DA:73,0
DA:74,0
DA:75,0
DA:79,0
DA:81,0
LF:16
LH:0
end_of_record
SF:lib\src\feature\editor\domain\model\element\inline\italic.dart
DA:24,0
DA:35,0
DA:43,0
DA:44,0
DA:45,0
DA:46,0
DA:47,0
DA:49,0
DA:50,0
DA:51,0
DA:52,0
DA:53,0
DA:54,0
DA:55,0
DA:59,0
DA:61,0
LF:16
LH:0
end_of_record
SF:lib\src\feature\editor\domain\model\element\inline\link.dart
DA:37,0
DA:48,0
DA:57,0
DA:58,0
DA:59,0
DA:60,0
DA:61,0
DA:63,0
DA:64,0
DA:65,0
DA:66,0
DA:67,0
DA:68,0
DA:69,0
DA:73,0
DA:75,0
LF:16
LH:0
end_of_record
SF:lib\src\feature\editor\domain\model\element\inline\list\ordered_list_node.dart
DA:30,1
DA:41,2
DA:50,0
DA:51,0
DA:52,0
DA:53,0
DA:54,0
DA:56,0
DA:57,0
DA:58,0
DA:59,0
DA:60,0
DA:61,0
DA:62,0
DA:66,0
DA:68,0
DA:71,0
DA:73,0
DA:76,0
DA:77,0
DA:78,0
DA:79,0
DA:80,0
DA:83,0
DA:84,0
LF:25
LH:2
end_of_record
SF:lib\src\feature\editor\domain\model\element\inline\list\task_list_node.dart
DA:39,0
DA:50,0
DA:69,0
DA:70,0
DA:71,0
DA:72,0
DA:73,0
DA:75,0
DA:76,0
DA:77,0
DA:78,0
DA:79,0
DA:80,0
DA:81,0
DA:85,0
DA:87,0
DA:90,0
DA:92,0
DA:93,0
LF:19
LH:0
end_of_record
SF:lib\src\feature\editor\domain\model\element\inline\list\unordered_list_node.dart
DA:36,1
DA:47,2
DA:56,0
DA:57,0
DA:58,0
DA:59,0
DA:60,0
DA:62,0
DA:63,0
DA:64,0
DA:65,0
DA:66,0
DA:67,0
DA:68,0
DA:72,0
DA:74,0
DA:77,0
DA:79,0
DA:80,0
LF:19
LH:2
end_of_record
SF:lib\src\feature\editor\domain\model\element\inline\math.dart
DA:37,0
DA:48,0
DA:57,0
DA:58,0
DA:59,0
DA:60,0
DA:61,0
DA:63,0
DA:64,0
DA:65,0
DA:66,0
DA:67,0
DA:68,0
DA:69,0
DA:73,0
DA:75,0
LF:16
LH:0
end_of_record
SF:lib\src\feature\editor\domain\model\element\inline\quote.dart
DA:27,1
DA:38,2
DA:47,0
DA:48,0
DA:49,0
DA:50,0
DA:51,0
DA:53,0
DA:54,0
DA:55,0
DA:56,0
DA:57,0
DA:58,0
DA:59,0
DA:63,0
DA:65,0
DA:68,0
DA:70,0
LF:18
LH:2
end_of_record
SF:lib\src\feature\editor\domain\model\element\inline\strikethrough.dart
DA:32,0
DA:43,0
DA:52,0
DA:53,0
DA:54,0
DA:55,0
DA:56,0
DA:58,0
DA:59,0
DA:60,0
DA:61,0
DA:62,0
DA:63,0
DA:64,0
DA:68,0
DA:70,0
LF:16
LH:0
end_of_record
SF:lib\src\feature\editor\domain\model\element\inline\subscript.dart
DA:40,0
DA:51,0
DA:62,0
DA:63,0
DA:64,0
DA:65,0
DA:66,0
DA:68,0
DA:69,0
DA:70,0
DA:71,0
DA:72,0
DA:73,0
DA:74,0
DA:78,0
DA:80,0
LF:16
LH:0
end_of_record
SF:lib\src\feature\editor\domain\model\element\inline\superscript.dart
DA:35,0
DA:46,0
DA:55,0
DA:56,0
DA:57,0
DA:58,0
DA:59,0
DA:61,0
DA:62,0
DA:63,0
DA:64,0
DA:65,0
DA:66,0
DA:67,0
DA:71,0
DA:73,0
LF:16
LH:0
end_of_record
SF:lib\src\feature\editor\domain\model\element\inline\text.dart
DA:20,1
DA:31,2
DA:40,0
DA:41,0
DA:42,0
DA:43,0
DA:44,0
DA:46,0
DA:47,0
DA:48,0
DA:49,0
DA:50,0
DA:51,0
DA:52,0
DA:56,0
DA:58,0
LF:16
LH:2
end_of_record
SF:lib\src\feature\editor\presentation\widget\file_view\attribute_button.dart
DA:44,1
DA:50,1
DA:53,5
DA:55,5
DA:57,1
DA:60,0
DA:62,0
DA:69,0
DA:75,0
DA:80,0
DA:81,0
LF:11
LH:5
end_of_record
SF:lib\src\feature\editor\presentation\widget\file_view\expand.dart
DA:38,1
DA:44,1
DA:46,1
DA:48,1
DA:50,2
DA:51,1
DA:52,0
DA:54,0
DA:55,0
DA:57,2
DA:58,0
DA:61,1
LF:12
LH:8
end_of_record
SF:lib\src\feature\editor\presentation\widget\file_view\line_number.dart
DA:33,1
DA:45,1
DA:47,1
DA:49,1
DA:51,2
DA:52,1
DA:53,3
LF:7
LH:7
end_of_record
SF:lib\src\feature\editor\presentation\widget\file_view\recursive.dart
DA:37,1
DA:51,1
DA:52,1
DA:59,1
DA:61,2
DA:62,3
DA:63,1
DA:64,3
DA:65,6
DA:66,1
DA:67,1
DA:68,0
DA:69,1
DA:70,1
DA:71,2
DA:72,1
DA:75,0
DA:76,0
DA:77,0
DA:78,0
DA:81,1
DA:82,1
DA:83,1
DA:84,1
DA:86,5
DA:87,1
DA:88,1
DA:89,0
DA:91,1
DA:94,1
DA:97,4
DA:102,3
DA:103,2
DA:104,5
DA:105,1
DA:106,1
DA:107,3
DA:108,1
DA:109,7
DA:110,1
DA:111,1
DA:112,3
DA:113,1
DA:116,3
DA:118,0
DA:121,1
DA:122,2
DA:123,1
DA:124,0
DA:127,0
DA:129,1
DA:130,0
DA:134,1
DA:140,1
DA:141,1
DA:142,0
DA:143,1
DA:144,1
DA:145,2
DA:146,1
DA:149,0
DA:150,0
DA:151,0
DA:152,0
DA:155,1
DA:156,1
DA:157,1
DA:158,1
DA:159,1
DA:160,1
DA:161,1
DA:162,1
DA:163,1
DA:164,1
DA:166,2
DA:169,1
DA:170,1
DA:171,2
DA:172,1
LF:79
LH:64
end_of_record
SF:lib\src\core\provider\editor\file_view_provider.dart
DA:44,2
DA:45,2
DA:46,1
DA:62,0
DA:63,0
DA:79,2
DA:80,2
DA:82,3
DA:83,0
DA:85,0
DA:97,2
DA:98,2
DA:99,3
DA:100,0
DA:117,0
DA:118,0
DA:119,0
DA:120,0
DA:140,0
DA:141,0
DA:147,0
DA:148,0
DA:149,0
DA:150,0
DA:169,4
DA:170,1
DA:186,4
DA:187,1
DA:202,2
DA:203,2
DA:204,1
DA:211,2
DA:212,1
DA:213,1
DA:214,1
DA:231,0
DA:247,0
DA:263,0
DA:267,4
DA:275,0
DA:276,0
DA:277,0
DA:279,0
DA:296,0
DA:297,0
DA:298,0
DA:299,0
DA:307,0
DA:308,0
DA:309,0
DA:324,0
DA:325,0
DA:326,0
DA:370,3
DA:373,1
DA:374,1
DA:397,3
DA:400,1
DA:401,1
DA:416,0
DA:418,0
DA:419,0
DA:438,0
DA:439,0
DA:440,0
DA:441,0
DA:461,0
DA:462,0
DA:463,0
DA:475,0
DA:496,0
DA:497,0
DA:498,0
DA:521,0
LF:74
LH:27
end_of_record
SF:lib\src\feature\editor\data\data_source\database_local_data_source.dart
DA:129,1
DA:151,1
DA:152,1
DA:153,1
DA:157,1
DA:158,1
DA:159,0
DA:162,1
DA:164,1
DA:165,0
DA:166,0
DA:167,0
DA:170,0
DA:172,0
DA:173,0
DA:174,0
DA:175,0
DA:178,0
DA:180,0
DA:181,0
DA:182,0
DA:183,0
DA:185,0
DA:186,0
DA:188,0
DA:189,0
DA:190,0
DA:191,0
DA:192,0
DA:198,0
DA:199,0
DA:200,0
DA:201,0
DA:202,0
DA:203,0
DA:204,0
DA:205,0
DA:209,0
DA:211,0
DA:212,0
DA:215,0
DA:217,0
DA:221,0
DA:223,0
DA:224,0
DA:225,0
DA:228,0
DA:230,0
DA:231,0
DA:234,0
DA:236,0
DA:240,0
DA:242,0
DA:243,0
DA:246,0
DA:248,0
DA:249,0
DA:252,0
DA:254,0
DA:255,0
DA:258,0
DA:259,0
DA:263,0
LF:63
LH:8
end_of_record
SF:lib\src\feature\editor\data\data_source\file_local_data_source.dart
DA:44,0
DA:53,0
DA:55,0
DA:58,0
DA:60,0
LF:5
LH:0
end_of_record
SF:lib\src\feature\editor\data\repository_impl\document_repository_impl.dart
DA:18,0
DA:39,0
DA:41,0
DA:45,0
DA:47,0
DA:49,0
DA:50,0
DA:51,0
DA:53,0
DA:55,0
DA:56,0
DA:57,0
DA:64,0
DA:66,0
DA:69,0
DA:71,0
DA:74,0
DA:76,0
DA:79,0
DA:81,0
LF:20
LH:0
end_of_record
SF:lib\src\feature\editor\data\repository_impl\file_metadata_repository_impl.dart
DA:23,0
DA:37,0
DA:39,0
DA:42,0
DA:45,0
LF:5
LH:0
end_of_record
SF:lib\src\feature\editor\domain\model\file_metadata.dart
DA:45,0
DA:60,0
DA:61,0
DA:62,0
DA:63,0
DA:64,0
DA:65,0
DA:66,0
DA:98,0
DA:99,0
DA:100,0
DA:101,0
DA:102,0
DA:103,0
DA:104,0
LF:15
LH:0
end_of_record
SF:lib\src\feature\editor\domain\use_case\convert_document_line_use_case.dart
DA:22,0
DA:42,0
DA:43,0
LF:3
LH:0
end_of_record
SF:lib\src\feature\editor\domain\use_case\get_all_document_element_use_case.dart
DA:35,0
DA:53,0
DA:54,0
LF:3
LH:0
end_of_record
SF:lib\src\feature\editor\domain\use_case\get_document_children_use_case.dart
DA:35,0
DA:55,0
DA:56,0
DA:57,0
LF:4
LH:0
end_of_record
SF:lib\src\feature\editor\domain\use_case\get_document_use_case.dart
DA:23,0
DA:39,0
DA:40,0
LF:3
LH:0
end_of_record
SF:lib\src\feature\editor\domain\use_case\get_file_metadata_use_case.dart
DA:30,0
DA:44,0
DA:45,0
LF:3
LH:0
end_of_record
SF:lib\src\feature\editor\domain\use_case\save_document_use_case.dart
DA:24,0
DA:46,0
DA:47,0
DA:58,0
DA:59,0
DA:60,0
DA:63,0
DA:65,0
DA:66,0
DA:67,0
DA:68,0
DA:70,0
DA:71,0
LF:13
LH:0
end_of_record
SF:lib\src\feature\editor\domain\use_case\update_node_style_use_case.dart
DA:16,1
DA:25,1
DA:26,1
LF:3
LH:3
end_of_record
SF:lib\src\feature\editor\presentation\helper\render_adapter.dart
DA:40,1
DA:60,1
DA:65,1
DA:66,3
DA:68,4
DA:69,1
DA:70,2
DA:71,3
DA:72,1
DA:73,5
DA:74,1
DA:77,1
DA:78,0
DA:79,0
DA:81,0
DA:86,1
DA:87,0
DA:88,0
DA:91,1
DA:92,0
DA:93,0
DA:96,1
DA:97,1
DA:105,1
DA:106,2
DA:107,1
DA:108,3
DA:110,1
DA:111,1
DA:116,1
DA:118,1
DA:121,1
DA:122,3
DA:123,4
DA:126,2
DA:129,1
DA:130,0
DA:131,1
DA:132,0
DA:133,1
DA:134,0
DA:135,1
DA:136,0
DA:137,1
DA:138,0
DA:139,1
DA:140,0
DA:145,1
DA:146,0
DA:150,1
DA:151,0
DA:152,1
DA:153,0
DA:154,0
DA:156,0
DA:158,0
DA:159,0
DA:160,0
DA:162,0
DA:163,0
DA:164,0
DA:166,0
DA:167,0
DA:168,0
DA:170,0
DA:171,0
DA:172,0
DA:174,0
DA:175,0
DA:176,0
DA:178,0
DA:179,0
DA:180,0
DA:185,1
DA:186,0
DA:187,1
DA:188,0
DA:189,1
DA:190,0
DA:194,1
DA:195,0
DA:199,1
DA:200,0
DA:204,1
DA:205,0
DA:206,1
DA:207,0
DA:208,1
DA:209,0
DA:213,1
DA:214,0
DA:215,1
DA:216,0
DA:217,1
DA:218,0
DA:219,1
DA:220,0
DA:221,1
DA:222,0
DA:223,1
DA:224,1
DA:225,0
DA:226,0
DA:227,0
DA:228,0
DA:229,0
DA:230,0
DA:231,0
DA:232,0
DA:233,0
DA:234,0
DA:235,0
DA:236,0
DA:237,0
DA:238,0
DA:239,0
DA:240,0
LF:117
LH:52
end_of_record
SF:lib\src\feature\editor\presentation\view_model\current_document_state_notifier.dart
DA:20,0
DA:21,0
DA:40,0
DA:42,0
DA:43,0
DA:44,0
LF:6
LH:0
end_of_record
SF:lib\src\feature\editor\presentation\view_model\document_list_state_notifier.dart
DA:26,0
DA:27,0
DA:49,0
DA:51,0
DA:52,0
DA:53,0
LF:6
LH:0
end_of_record
SF:lib\src\feature\editor\presentation\view_model\file_metadata_state_notifer.dart
DA:36,0
DA:37,0
DA:68,0
DA:69,0
DA:71,0
DA:72,0
DA:73,0
DA:74,0
LF:8
LH:0
end_of_record
SF:lib\src\feature\editor\presentation\view_model\node_incoming_connection_state_notifier.dart
DA:25,1
DA:26,1
DA:27,1
DA:52,1
DA:62,0
DA:63,0
LF:6
LH:4
end_of_record
SF:lib\src\feature\editor\presentation\view_model\node_list_state_notifier.dart
DA:46,3
DA:47,1
DA:79,1
DA:81,4
DA:83,0
DA:84,0
DA:93,0
DA:94,0
DA:105,1
DA:106,2
DA:115,1
DA:116,2
DA:125,0
DA:126,0
DA:127,0
DA:128,0
DA:138,0
DA:147,0
DA:148,0
DA:149,0
DA:150,0
DA:151,0
DA:165,0
DA:166,0
DA:167,0
DA:168,0
DA:169,0
DA:170,0
DA:171,0
DA:183,0
DA:184,0
DA:185,0
DA:186,0
DA:187,0
DA:198,0
DA:199,0
DA:201,0
DA:202,0
DA:204,0
DA:205,0
DA:207,0
DA:208,0
DA:210,0
DA:211,0
DA:213,0
DA:214,0
DA:215,0
DA:218,0
DA:223,0
DA:229,0
DA:230,0
DA:231,0
DA:233,0
DA:234,0
DA:235,0
DA:236,0
DA:238,0
DA:239,0
DA:240,0
DA:241,0
DA:244,0
DA:245,0
DA:247,0
DA:248,0
DA:249,0
DA:250,0
DA:251,0
DA:252,0
DA:253,0
DA:255,0
DA:259,0
DA:260,0
DA:261,0
DA:262,0
DA:263,0
DA:266,0
DA:267,0
DA:268,0
DA:269,0
DA:270,0
DA:273,0
DA:278,0
DA:284,0
DA:285,0
DA:287,0
DA:288,0
DA:289,0
DA:291,0
DA:293,0
DA:294,0
DA:298,0
DA:299,0
DA:300,0
DA:301,0
DA:302,0
DA:306,0
DA:307,0
DA:308,0
DA:309,0
DA:310,0
DA:312,0
DA:316,0
DA:321,0
DA:322,0
DA:324,0
DA:325,0
DA:326,0
DA:327,0
DA:328,0
DA:329,0
DA:331,0
DA:334,0
DA:337,0
DA:338,0
DA:339,0
DA:340,0
DA:341,0
DA:344,0
DA:345,0
DA:346,0
DA:347,0
DA:348,0
DA:349,0
DA:350,0
DA:353,0
DA:359,0
DA:360,0
DA:361,0
DA:362,0
DA:363,0
DA:364,0
DA:365,0
DA:366,0
DA:367,0
DA:368,0
DA:371,0
DA:372,0
DA:373,0
DA:375,0
DA:376,0
DA:378,0
DA:379,0
DA:381,0
DA:382,0
DA:384,0
DA:385,0
DA:388,0
DA:394,0
DA:395,0
DA:397,0
DA:398,0
DA:399,0
DA:400,0
DA:401,0
DA:402,0
DA:403,0
DA:404,0
DA:408,0
DA:414,0
DA:415,0
DA:416,0
DA:417,0
DA:430,0
DA:432,0
DA:433,0
DA:434,0
DA:435,0
DA:436,0
DA:437,0
DA:452,0
DA:454,0
DA:455,0
DA:456,0
DA:467,0
DA:468,0
DA:469,0
DA:470,0
DA:471,0
DA:472,0
DA:482,0
DA:483,0
DA:484,0
DA:485,0
DA:492,0
DA:493,0
DA:494,0
DA:498,0
DA:499,0
DA:502,0
DA:503,0
DA:504,0
DA:507,0
DA:508,0
DA:509,0
DA:510,0
DA:511,0
DA:514,0
DA:516,0
DA:517,0
LF:199
LH:8
end_of_record
SF:lib\src\feature\editor\presentation\view_model\node_outgoing_connection_state_notifier.dart
DA:39,1
DA:40,1
DA:41,1
DA:67,1
DA:77,0
DA:78,0
LF:6
LH:4
end_of_record
SF:lib\src\feature\editor\presentation\view_model\node_state_notifier.dart
DA:24,3
DA:49,1
DA:50,1
DA:51,1
DA:62,1
DA:63,2
DA:64,2
DA:65,2
DA:66,1
DA:67,3
DA:68,1
DA:69,1
DA:74,1
DA:75,1
DA:76,3
DA:77,1
DA:78,2
DA:88,0
DA:89,0
DA:90,0
DA:91,0
DA:92,0
DA:93,0
DA:94,0
DA:95,0
DA:104,1
DA:105,1
DA:106,2
DA:107,3
DA:108,2
DA:109,2
DA:119,0
DA:125,0
DA:126,0
DA:127,0
DA:128,0
DA:129,0
DA:130,0
DA:131,0
DA:132,0
DA:133,0
DA:134,0
DA:135,0
DA:136,0
DA:137,0
DA:139,0
DA:141,0
DA:142,0
DA:143,0
DA:144,0
DA:145,0
DA:146,0
DA:156,0
DA:157,0
DA:158,0
DA:159,0
DA:160,0
DA:161,0
DA:162,0
DA:163,0
DA:164,0
DA:165,0
DA:167,0
DA:168,0
DA:169,0
DA:171,0
DA:172,0
DA:173,0
DA:182,0
DA:183,0
DA:184,0
DA:185,0
DA:194,0
DA:195,0
DA:196,0
DA:197,0
DA:198,0
DA:199,0
DA:200,0
DA:201,0
DA:202,0
DA:203,0
DA:204,0
DA:206,0
DA:207,0
DA:208,0
DA:211,0
DA:212,0
DA:213,0
DA:216,0
DA:224,0
DA:225,0
DA:226,0
DA:227,0
DA:228,0
DA:229,0
DA:231,0
DA:232,0
DA:233,0
DA:234,0
DA:235,0
DA:244,0
DA:245,0
DA:246,0
DA:249,0
DA:251,0
DA:252,0
DA:253,0
DA:254,0
DA:255,0
DA:266,0
DA:267,0
DA:277,0
DA:278,0
DA:292,0
DA:294,0
DA:296,0
DA:310,0
DA:311,0
DA:312,0
DA:313,0
DA:315,0
DA:316,0
DA:317,0
DA:318,0
DA:320,0
DA:321,0
DA:322,0
DA:323,0
DA:324,0
DA:325,0
DA:326,0
DA:328,0
DA:330,0
DA:332,0
DA:333,0
DA:334,0
DA:335,0
DA:336,0
DA:351,0
DA:352,0
DA:353,0
DA:354,0
DA:356,0
DA:357,0
DA:358,0
DA:359,0
DA:361,0
DA:362,0
DA:363,0
DA:364,0
DA:365,0
DA:366,0
DA:367,0
DA:369,0
DA:371,0
DA:373,0
DA:374,0
DA:375,0
DA:376,0
DA:377,0
DA:388,0
DA:389,0
DA:390,0
DA:391,0
DA:392,0
DA:393,0
DA:394,0
DA:395,0
DA:396,0
DA:398,0
DA:401,0
DA:402,0
DA:413,0
DA:414,0
DA:421,0
DA:422,0
DA:423,0
DA:424,0
DA:425,0
DA:435,0
DA:436,0
DA:437,0
DA:439,0
DA:440,0
DA:441,0
DA:442,0
DA:443,0
DA:449,0
DA:451,0
DA:452,0
DA:453,0
DA:454,0
DA:456,0
DA:457,0
DA:458,0
DA:459,0
DA:461,0
DA:462,0
DA:463,0
DA:468,0
DA:470,0
DA:471,0
DA:472,0
DA:473,0
DA:475,0
DA:476,0
DA:477,0
DA:478,0
DA:480,0
DA:481,0
DA:482,0
DA:491,0
DA:496,0
DA:497,0
DA:498,0
DA:499,0
DA:500,0
DA:504,0
DA:505,0
DA:509,0
DA:510,0
DA:511,0
DA:512,0
DA:516,0
DA:517,0
LF:226
LH:23
end_of_record
SF:lib\src\feature\editor\presentation\view_model\tree_node_state_notifier.dart
DA:19,0
DA:20,0
DA:43,0
DA:45,0
DA:46,0
DA:47,0
DA:48,0
DA:49,0
DA:50,0
DA:51,0
DA:52,0
DA:53,0
DA:54,0
DA:56,0
DA:57,0
DA:58,0
DA:60,0
DA:62,0
DA:81,0
DA:82,0
DA:83,0
DA:84,0
DA:86,0
DA:87,0
DA:88,0
DA:89,0
DA:104,0
DA:105,0
DA:106,0
DA:107,0
DA:109,0
DA:110,0
DA:111,0
DA:112,0
LF:34
LH:0
end_of_record
SF:lib\src\core\provider\theme\theme_provider.dart
DA:17,8
DA:18,2
LF:2
LH:2
end_of_record
SF:lib\src\core\theme\presentation\view_model\theme_notifier.dart
DA:17,2
DA:22,2
DA:27,0
DA:28,0
DA:29,0
DA:30,0
DA:31,0
DA:32,0
DA:34,0
DA:42,0
DA:43,0
DA:44,0
DA:45,0
DA:46,0
DA:47,0
DA:49,0
DA:58,0
DA:59,0
DA:60,0
DA:62,0
DA:64,0
DA:72,0
DA:73,0
DA:74,0
DA:76,0
DA:78,0
LF:26
LH:2
end_of_record
SF:lib\src\core\provider\ui\file_branch_provider.dart
DA:16,0
DA:29,4
DA:42,0
LF:3
LH:1
end_of_record
SF:lib\src\core\theme\domain\model\text_theme.dart
DA:16,2
DA:17,2
DA:18,4
DA:19,4
DA:20,4
DA:21,4
DA:22,4
DA:23,4
DA:24,4
DA:25,4
DA:26,4
DA:27,4
DA:28,4
DA:29,4
DA:30,4
DA:31,4
DA:32,4
LF:17
LH:17
end_of_record
SF:lib\src\feature\editor\data\repository_impl\document_codec.dart
DA:33,0
DA:39,0
DA:40,0
DA:42,0
DA:43,0
LF:5
LH:0
end_of_record
SF:lib\src\feature\editor\data\repository_impl\document_to_string_converter.dart
DA:23,0
DA:25,0
LF:2
LH:0
end_of_record
SF:lib\src\feature\editor\data\repository_impl\string_to_document_converter.dart
DA:21,0
DA:28,0
DA:30,0
DA:31,0
DA:32,0
DA:33,0
DA:34,0
DA:35,0
LF:8
LH:0
end_of_record
SF:lib\src\feature\editor\presentation\widget\file_view\attribute_bottom_sheet.dart
DA:83,0
DA:116,0
DA:117,0
DA:149,0
DA:151,0
DA:152,0
DA:153,0
DA:154,0
DA:155,0
DA:156,0
DA:158,0
DA:161,0
DA:163,0
DA:167,0
DA:168,0
DA:169,0
DA:170,0
DA:174,0
DA:175,0
DA:181,0
DA:182,0
DA:184,0
DA:185,0
DA:186,0
DA:188,0
DA:189,0
DA:190,0
DA:191,0
DA:193,0
DA:194,0
DA:195,0
DA:200,0
DA:202,0
DA:203,0
DA:209,0
DA:212,0
DA:213,0
DA:214,0
DA:215,0
DA:216,0
DA:217,0
DA:219,0
DA:221,0
DA:227,0
DA:229,0
DA:230,0
DA:231,0
DA:232,0
DA:236,0
DA:237,0
DA:238,0
DA:243,0
DA:244,0
DA:245,0
DA:246,0
DA:247,0
DA:248,0
DA:250,0
DA:251,0
DA:253,0
DA:256,0
DA:257,0
DA:259,0
DA:264,0
DA:265,0
DA:273,0
DA:274,0
DA:275,0
DA:278,0
DA:285,0
DA:287,0
DA:289,0
DA:290,0
DA:291,0
DA:292,0
DA:293,0
DA:297,0
DA:298,0
DA:301,0
DA:302,0
DA:303,0
DA:304,0
DA:306,0
DA:323,0
DA:324,0
DA:325,0
DA:326,0
DA:327,0
DA:328,0
DA:330,0
DA:331,0
DA:332,0
DA:334,0
DA:335,0
DA:341,0
DA:342,0
DA:343,0
DA:344,0
DA:346,0
DA:347,0
DA:348,0
DA:350,0
DA:351,0
DA:359,0
DA:360,0
DA:364,0
DA:365,0
DA:366,0
DA:367,0
DA:368,0
DA:375,0
DA:376,0
DA:378,0
DA:380,0
LF:114
LH:0
end_of_record
SF:lib\src\feature\editor\presentation\widget\file_view\editing.dart
DA:23,1
DA:31,1
DA:32,1
DA:53,0
DA:54,0
DA:56,1
DA:59,0
DA:62,1
DA:64,9
DA:66,1
DA:68,1
DA:70,1
DA:71,0
DA:72,1
DA:73,1
DA:74,3
DA:75,1
DA:76,1
DA:77,3
DA:78,3
DA:79,3
DA:80,3
DA:87,0
DA:88,0
DA:98,0
DA:99,0
DA:100,0
DA:101,0
DA:102,0
DA:104,0
DA:105,0
DA:106,0
DA:108,0
DA:109,0
DA:110,0
DA:112,0
DA:113,0
DA:114,0
DA:116,0
DA:117,0
DA:118,0
DA:120,0
DA:121,0
DA:122,0
DA:132,0
DA:137,0
DA:140,0
DA:141,0
DA:144,0
DA:145,0
DA:148,0
DA:149,0
DA:152,0
DA:153,0
DA:156,0
DA:157,0
DA:160,0
DA:161,0
DA:164,0
DA:165,0
DA:168,0
DA:169,0
DA:172,0
DA:173,0
DA:208,1
DA:209,1
DA:217,0
DA:219,0
DA:222,0
DA:224,0
LF:70
LH:20
end_of_record
SF:lib\src\feature\editor\presentation\widget\file_view\rendering.dart
DA:28,1
DA:36,1
DA:38,2
DA:39,2
DA:40,2
DA:41,1
DA:42,1
DA:44,6
DA:45,2
LF:9
LH:9
end_of_record
SF:lib\main.dart
DA:7,0
DA:8,0
DA:22,2
DA:24,1
DA:26,2
DA:27,2
DA:28,1
DA:31,1
DA:32,1
DA:33,1
LF:10
LH:8
end_of_record
SF:lib\src\core\provider\router\router_provider.dart
DA:16,3
DA:17,2
DA:40,4
DA:41,2
DA:42,1
DA:43,1
DA:44,1
DA:45,1
DA:47,1
DA:50,2
DA:51,1
DA:52,0
LF:12
LH:11
end_of_record
SF:lib\src\core\theme\domain\model\app_theme.dart
DA:10,3
DA:13,1
DA:14,1
DA:15,3
DA:23,3
DA:26,1
DA:27,1
DA:28,3
LF:8
LH:8
end_of_record
SF:lib\src\core\router\router.dart
DA:10,3
DA:36,3
DA:38,1
DA:39,1
DA:40,1
DA:41,1
DA:42,1
DA:44,1
DA:45,1
DA:46,1
DA:47,1
DA:49,1
DA:50,1
DA:51,1
DA:54,1
DA:55,1
DA:56,1
DA:57,1
DA:66,1
DA:67,1
DA:68,1
DA:70,0
DA:71,0
DA:72,0
DA:75,0
DA:76,0
DA:77,0
DA:78,0
DA:87,1
DA:88,1
DA:89,1
DA:90,0
DA:91,0
DA:95,1
DA:96,1
DA:97,1
DA:98,1
DA:100,0
DA:101,0
DA:102,0
DA:104,0
DA:110,0
DA:111,0
DA:112,0
DA:121,1
DA:122,1
DA:123,1
DA:125,0
DA:126,0
DA:127,0
DA:129,0
DA:135,0
DA:136,0
DA:137,0
LF:54
LH:31
end_of_record
SF:lib\src\feature\ui\presentation\widget\desktop_ui.dart
DA:11,1
DA:16,1
DA:18,1
DA:19,1
DA:20,1
DA:21,1
DA:24,1
DA:25,1
LF:8
LH:8
end_of_record
SF:lib\src\feature\ui\presentation\widget\mobile_ui.dart
DA:11,0
DA:16,0
DA:18,0
DA:19,0
DA:20,0
DA:23,0
DA:24,0
DA:25,0
DA:26,0
LF:9
LH:0
end_of_record
SF:lib\src\core\provider\side_panel\directory_node_provider.dart
DA:10,0
DA:11,0
DA:12,0
LF:3
LH:0
end_of_record
SF:lib\src\feature\side_panel\file_directory\presentation\view_model\directory_node_view_model.dart
DA:21,0
DA:32,0
DA:33,0
DA:50,0
DA:51,0
DA:52,0
DA:53,0
LF:7
LH:0
end_of_record
SF:lib\src\core\provider\side_panel\directory_provider.dart
DA:17,0
DA:18,0
DA:19,0
DA:36,0
DA:37,0
DA:38,0
DA:54,0
DA:55,0
DA:56,0
DA:57,0
DA:73,0
DA:74,0
DA:75,0
DA:91,0
DA:92,0
DA:93,0
DA:110,0
DA:121,0
DA:128,0
DA:129,0
LF:20
LH:0
end_of_record
SF:lib\src\feature\side_panel\file_directory\data\data_source\directory_local_data_source.dart
DA:54,0
DA:61,0
DA:63,0
DA:65,0
DA:66,0
DA:71,0
DA:73,0
DA:74,0
DA:77,0
DA:80,0
DA:81,0
DA:83,0
DA:84,0
LF:13
LH:0
end_of_record
SF:lib\src\feature\side_panel\file_directory\data\repository_impl\directory_repository_impl.dart
DA:28,0
DA:39,0
DA:41,0
DA:43,0
DA:46,0
DA:48,0
DA:51,0
DA:53,0
DA:56,0
DA:58,0
DA:79,0
DA:80,0
DA:82,0
DA:83,0
DA:84,0
DA:85,0
DA:86,0
DA:87,0
DA:88,0
DA:90,0
DA:94,0
DA:95,0
DA:97,0
DA:98,0
DA:99,0
DA:100,0
DA:101,0
DA:102,0
DA:103,0
DA:106,0
LF:30
LH:0
end_of_record
SF:lib\src\feature\side_panel\file_directory\domain\model\directory_node.dart
DA:10,0
DA:44,0
DA:45,0
DA:46,0
DA:47,0
DA:48,0
DA:49,0
DA:50,0
DA:51,0
DA:55,0
DA:57,0
DA:58,0
LF:12
LH:0
end_of_record
SF:lib\src\feature\side_panel\file_directory\domain\use_case\get_directory_list_use_case.dart
DA:12,0
DA:22,0
DA:23,0
LF:3
LH:0
end_of_record
SF:lib\src\feature\side_panel\file_directory\presentation\view_model\directory_view_model.dart
DA:23,0
DA:24,0
DA:53,0
DA:55,0
DA:56,0
LF:5
LH:0
end_of_record
SF:lib\src\core\provider\ui\directory_provider.dart
DA:9,0
DA:10,0
DA:11,0
LF:3
LH:0
end_of_record
SF:lib\src\feature\ui\presentation\view_model\empty_directory_view_model.dart
DA:18,0
DA:27,0
DA:28,0
DA:29,0
DA:30,0
LF:5
LH:0
end_of_record
SF:lib\src\core\provider\ui\editor_provder.dart
DA:18,0
DA:34,0
DA:35,0
DA:36,0
LF:4
LH:0
end_of_record
SF:lib\src\feature\ui\presentation\view_model\editor_view_model.dart
DA:15,0
DA:30,0
DA:31,0
DA:32,0
DA:33,0
DA:35,0
DA:44,0
DA:45,0
DA:46,0
DA:47,0
DA:48,0
DA:49,0
DA:50,0
LF:13
LH:0
end_of_record
SF:lib\src\core\provider\ui\navigation_provider.dart
DA:10,2
DA:11,2
DA:12,1
LF:3
LH:3
end_of_record
SF:lib\src\feature\ui\presentation\view_model\navigation_view_model.dart
DA:24,2
DA:33,0
DA:34,0
DA:35,0
DA:36,0
DA:39,0
DA:40,0
DA:50,0
DA:51,0
DA:52,0
DA:61,0
DA:62,0
DA:63,0
LF:13
LH:1
end_of_record
SF:lib\src\core\provider\ui\search_branch_provider.dart
DA:14,0
LF:1
LH:0
end_of_record
SF:lib\src\core\provider\ui\setting_branch_provider.dart
DA:20,0
LF:1
LH:0
end_of_record
SF:lib\src\core\provider\ui\top_bar_provider.dart
DA:15,4
LF:1
LH:1
end_of_record
SF:lib\src\feature\setting\presentation\widget\appearance_setting.dart
DA:12,1
DA:14,0
DA:16,0
LF:3
LH:1
end_of_record
SF:lib\src\feature\setting\presentation\widget\keyboard_setting.dart
DA:20,1
DA:22,0
DA:24,0
LF:3
LH:1
end_of_record
SF:lib\src\feature\setting\presentation\widget\setting.dart
DA:93,0
DA:106,0
DA:107,0
DA:111,0
DA:113,0
DA:114,0
DA:116,0
DA:120,0
DA:121,0
DA:122,0
DA:149,0
DA:183,0
DA:185,0
DA:186,0
DA:187,0
DA:188,0
DA:191,0
DA:192,0
DA:193,0
DA:194,0
DA:195,0
DA:196,0
DA:198,0
DA:200,0
DA:201,0
DA:203,0
DA:205,0
DA:206,0
DA:209,0
DA:211,0
DA:212,0
DA:213,0
DA:215,0
DA:217,0
DA:218,0
DA:220,0
DA:222,0
DA:223,0
DA:226,0
DA:231,0
DA:232,0
LF:41
LH:0
end_of_record
SF:lib\src\feature\ui\presentation\widget\navigation\branch\file_branch.dart
DA:46,1
DA:48,1
DA:50,2
DA:51,2
DA:53,0
DA:54,0
DA:55,0
DA:56,0
DA:57,0
DA:58,0
DA:59,0
DA:60,0
DA:65,0
DA:66,0
DA:67,0
DA:68,0
DA:69,0
DA:76,1
DA:77,1
DA:78,1
DA:79,2
DA:80,2
DA:81,0
DA:82,1
DA:85,1
DA:86,0
DA:87,0
DA:88,0
DA:94,0
DA:95,0
DA:96,0
DA:97,0
DA:98,0
DA:99,0
DA:100,0
DA:101,0
DA:103,0
DA:104,0
DA:106,0
DA:107,0
DA:108,0
DA:115,0
DA:116,0
DA:117,0
DA:118,0
LF:45
LH:11
end_of_record
SF:lib\src\feature\ui\presentation\widget\navigation\branch\search_branch.dart
DA:26,1
DA:28,0
DA:30,0
DA:31,0
DA:32,0
DA:33,0
DA:34,0
DA:35,0
LF:8
LH:1
end_of_record
SF:lib\src\feature\ui\presentation\widget\navigation\navigation.dart
DA:91,1
DA:100,1
DA:101,1
DA:105,1
DA:107,0
DA:108,0
DA:110,0
DA:114,1
DA:115,1
DA:116,2
DA:117,3
DA:120,0
DA:121,0
DA:122,0
DA:155,1
DA:171,1
DA:173,3
DA:175,1
DA:176,1
DA:177,1
DA:178,1
DA:180,1
DA:181,1
DA:183,1
DA:184,1
DA:185,1
DA:186,2
DA:188,1
DA:190,1
DA:191,2
DA:193,1
DA:195,1
DA:196,0
DA:197,0
DA:203,1
DA:204,1
DA:205,2
DA:207,1
DA:209,1
DA:210,2
DA:212,1
DA:214,1
DA:215,0
DA:216,0
DA:222,1
DA:223,1
DA:224,2
DA:226,1
DA:228,1
DA:229,2
DA:231,1
DA:233,1
DA:234,0
DA:235,0
DA:244,1
DA:245,1
DA:288,0
DA:304,0
DA:306,0
DA:307,0
DA:308,0
DA:309,0
DA:310,0
DA:311,0
DA:312,0
DA:313,0
DA:314,0
DA:315,0
DA:317,0
DA:318,0
DA:319,0
DA:320,0
DA:322,0
DA:323,0
DA:324,0
DA:325,0
LF:76
LH:44
end_of_record
SF:lib\src\feature\editor\presentation\widget\canvas_view\background.dart
DA:14,1
DA:16,0
DA:18,0
LF:3
LH:1
end_of_record
SF:lib\src\feature\editor\presentation\widget\canvas_view\boxes.dart
DA:21,1
DA:23,0
DA:25,0
LF:3
LH:1
end_of_record
SF:lib\src\feature\editor\presentation\widget\canvas_view\canvas.dart
DA:45,1
DA:47,0
DA:49,0
DA:50,0
DA:51,0
LF:5
LH:1
end_of_record
SF:lib\src\feature\editor\presentation\widget\canvas_view\interactive_canvas.dart
DA:28,1
DA:30,0
DA:32,0
DA:33,0
DA:34,0
LF:5
LH:1
end_of_record
SF:lib\src\feature\editor\presentation\widget\canvas_view\menu.dart
DA:31,1
DA:33,0
DA:35,0
LF:3
LH:1
end_of_record
SF:lib\src\feature\editor\presentation\widget\canvas_view\mini_map.dart
DA:27,1
DA:29,0
DA:31,0
LF:3
LH:1
end_of_record
SF:lib\src\feature\editor\presentation\widget\canvas_view\edges.dart
DA:16,1
DA:18,0
DA:20,0
LF:3
LH:1
end_of_record
SF:lib\src\feature\editor\presentation\widget\file_view\editing_area.dart
DA:35,1
DA:37,0
DA:38,0
DA:42,0
DA:44,0
DA:45,0
DA:47,0
DA:49,0
DA:50,0
DA:51,0
DA:52,0
DA:54,0
DA:57,0
LF:13
LH:1
end_of_record
SF:lib\src\feature\ui\presentation\widget\main_area\editor\file_view.dart
DA:16,1
DA:18,0
DA:19,0
DA:23,0
LF:4
LH:1
end_of_record
SF:lib\src\feature\editor\presentation\widget\file_view\markdown_file.dart
DA:27,1
DA:29,0
DA:30,0
DA:34,0
DA:36,0
DA:37,0
DA:38,0
DA:40,0
DA:41,0
DA:42,0
DA:44,0
DA:45,0
DA:46,0
DA:47,0
LF:14
LH:1
end_of_record
SF:lib\src\feature\search\presentation\widget\search.dart
DA:19,1
DA:21,0
DA:23,0
LF:3
LH:1
end_of_record
SF:lib\src\feature\side_panel\file_directory\presentation\widget\directory.dart
DA:17,1
DA:19,0
DA:21,0
DA:22,0
DA:24,0
DA:27,0
DA:28,0
DA:29,0
DA:30,0
DA:31,0
DA:33,0
LF:11
LH:1
end_of_record
SF:lib\src\feature\side_panel\file_directory\presentation\widget\directory_node_widget.dart
DA:25,0
DA:46,0
DA:47,0
DA:61,0
DA:62,0
DA:65,0
DA:68,0
DA:69,0
DA:71,0
DA:75,0
DA:76,0
DA:77,0
DA:78,0
DA:79,0
DA:80,0
DA:85,0
DA:87,0
DA:88,0
DA:92,0
DA:93,0
DA:94,0
DA:95,0
DA:96,0
DA:98,0
DA:99,0
DA:107,0
DA:108,0
DA:109,0
DA:110,0
DA:112,0
DA:115,0
DA:116,0
DA:117,0
DA:118,0
DA:119,0
DA:120,0
DA:121,0
LF:37
LH:0
end_of_record
SF:lib\src\feature\ui\presentation\widget\top_bar\top_bar.dart
DA:12,1
DA:14,1
DA:16,1
LF:3
LH:3
end_of_record
SF:lib\src\feature\ui\presentation\widget\main_area\editor\canvas_view.dart
DA:20,1
DA:22,0
DA:23,0
DA:27,0
LF:4
LH:1
end_of_record
SF:lib\src\feature\ui\presentation\widget\main_area\editor\tab_part.dart
DA:69,1
DA:71,0
DA:72,0
DA:80,0
DA:82,0
DA:83,0
DA:86,0
DA:88,0
DA:89,0
DA:92,0
DA:94,0
DA:95,0
DA:97,0
DA:98,0
DA:102,0
DA:103,0
DA:104,0
DA:109,0
DA:110,0
DA:111,0
DA:112,0
DA:113,0
DA:114,0
DA:117,0
DA:118,0
DA:125,0
DA:126,0
DA:127,0
DA:130,0
DA:131,0
DA:134,0
DA:137,0
DA:138,0
DA:140,0
DA:141,0
DA:142,0
DA:143,0
DA:156,0
DA:157,0
DA:158,0
DA:159,0
DA:163,0
DA:164,0
DA:168,0
LF:44
LH:1
end_of_record
SF:lib\src\feature\ui\presentation\widget\side_panel\file_directory\empty_directory.dart
DA:31,1
DA:33,0
DA:36,0
DA:37,0
DA:39,0
DA:41,0
DA:42,0
DA:43,0
DA:44,0
LF:9
LH:1
end_of_record
SF:lib\src\feature\ui\presentation\widget\side_panel\file_directory\file_directory.dart
DA:12,1
DA:14,0
LF:2
LH:1
end_of_record
